<?xml version="1.0" encoding="UTF-8"?>
<testsuite xmlns:xsi="http://www.w3.org/2001/XMLSchema-instance" xsi:noNamespaceSchemaLocation="https://maven.apache.org/surefire/maven-surefire-plugin/xsd/surefire-test-report.xsd" version="3.0.2" name="com.bohdan.training.TestProjectForPractice.BrandControllerIntegrationTest" time="12.983" tests="2" errors="0" skipped="0" failures="0">
  <properties>
[...]
</properties>
  <testcase name="getById_shouldReturnBrand" classname="com.bohdan.training.TestProjectForPractice.BrandControllerIntegrationTest" time="0.674">
    <system-out><![CDATA[18:24:59.327 [main] INFO org.springframework.test.context.support.AnnotationConfigContextLoaderUtils -- Could not detect default configuration classes for test class [com.bohdan.training.TestProjectForPractice.BrandControllerIntegrationTest]: BrandControllerIntegrationTest does not declare any static, non-private, non-final, nested classes annotated with @Configuration.
18:24:59.537 [main] INFO org.springframework.boot.test.context.SpringBootTestContextBootstrapper -- Found @SpringBootConfiguration com.bohdan.training.TestProjectForPractice.TestProjectForPracticeApplication for test class com.bohdan.training.TestProjectForPractice.BrandControllerIntegrationTest
18:24:59.696 [main] INFO org.springframework.test.context.support.AnnotationConfigContextLoaderUtils -- Could not detect default configuration classes for test class [com.bohdan.training.TestProjectForPractice.BrandControllerIntegrationTest]: BrandControllerIntegrationTest does not declare any static, non-private, non-final, nested classes annotated with @Configuration.
18:24:59.702 [main] INFO org.springframework.boot.test.context.SpringBootTestContextBootstrapper -- Found @SpringBootConfiguration com.bohdan.training.TestProjectForPractice.TestProjectForPracticeApplication for test class com.bohdan.training.TestProjectForPractice.BrandControllerIntegrationTest

  .   ____          _            __ _ _
 /\\ / ___'_ __ _ _(_)_ __  __ _ \ \ \ \
( ( )\___ | '_ | '_| | '_ \/ _` | \ \ \ \
 \\/  ___)| |_)| | | | | || (_| |  ) ) ) )
  '  |____| .__|_| |_|_| |_\__, | / / / /
 =========|_|==============|___/=/_/_/_/

 :: Spring Boot ::                (v4.0.6)

2026-06-10T18:25:00.347Z  INFO 19920 --- [TestProjectForPractice] [           main] c.b.t.T.BrandControllerIntegrationTest   : Starting BrandControllerIntegrationTest using Java 21.0.4 with PID 19920 (started by user in C:\JAVA_PROJECTS\TestProjectForPractice)
2026-06-10T18:25:00.349Z  INFO 19920 --- [TestProjectForPractice] [           main] c.b.t.T.BrandControllerIntegrationTest   : No active profile set, falling back to 1 default profile: "default"
2026-06-10T18:25:01.913Z  INFO 19920 --- [TestProjectForPractice] [           main] .s.d.r.c.RepositoryConfigurationDelegate : Multiple Spring Data modules found, entering strict repository configuration mode
2026-06-10T18:25:01.916Z  INFO 19920 --- [TestProjectForPractice] [           main] .s.d.r.c.RepositoryConfigurationDelegate : Bootstrapping Spring Data JPA repositories in DEFAULT mode.
2026-06-10T18:25:02.229Z  INFO 19920 --- [TestProjectForPractice] [           main] .s.d.r.c.RepositoryConfigurationDelegate : Finished Spring Data repository scanning in 293 ms. Found 7 JPA repository interfaces.
2026-06-10T18:25:02.271Z  INFO 19920 --- [TestProjectForPractice] [           main] .s.d.r.c.RepositoryConfigurationDelegate : Multiple Spring Data modules found, entering strict repository configuration mode
2026-06-10T18:25:02.275Z  INFO 19920 --- [TestProjectForPractice] [           main] .s.d.r.c.RepositoryConfigurationDelegate : Bootstrapping Spring Data Redis repositories in DEFAULT mode.
2026-06-10T18:25:02.309Z  INFO 19920 --- [TestProjectForPractice] [           main] .RepositoryConfigurationExtensionSupport : Spring Data Redis - Could not safely identify store assignment for repository candidate interface com.bohdan.training.TestProjectForPractice.repository.BrandRepository; If you want this repository to be a Redis repository, consider annotating your entities with one of these annotations: org.springframework.data.redis.core.RedisHash (preferred), or consider extending one of the following types with your repository: org.springframework.data.keyvalue.repository.KeyValueRepository
2026-06-10T18:25:02.310Z  INFO 19920 --- [TestProjectForPractice] [           main] .RepositoryConfigurationExtensionSupport : Spring Data Redis - Could not safely identify store assignment for repository candidate interface com.bohdan.training.TestProjectForPractice.repository.ClientRepository; If you want this repository to be a Redis repository, consider annotating your entities with one of these annotations: org.springframework.data.redis.core.RedisHash (preferred), or consider extending one of the following types with your repository: org.springframework.data.keyvalue.repository.KeyValueRepository
2026-06-10T18:25:02.311Z  INFO 19920 --- [TestProjectForPractice] [           main] .RepositoryConfigurationExtensionSupport : Spring Data Redis - Could not safely identify store assignment for repository candidate interface com.bohdan.training.TestProjectForPractice.repository.OrderDetailRepository; If you want this repository to be a Redis repository, consider annotating your entities with one of these annotations: org.springframework.data.redis.core.RedisHash (preferred), or consider extending one of the following types with your repository: org.springframework.data.keyvalue.repository.KeyValueRepository
2026-06-10T18:25:02.311Z  INFO 19920 --- [TestProjectForPractice] [           main] .RepositoryConfigurationExtensionSupport : Spring Data Redis - Could not safely identify store assignment for repository candidate interface com.bohdan.training.TestProjectForPractice.repository.OrderRepository; If you want this repository to be a Redis repository, consider annotating your entities with one of these annotations: org.springframework.data.redis.core.RedisHash (preferred), or consider extending one of the following types with your repository: org.springframework.data.keyvalue.repository.KeyValueRepository
2026-06-10T18:25:02.311Z  INFO 19920 --- [TestProjectForPractice] [           main] .RepositoryConfigurationExtensionSupport : Spring Data Redis - Could not safely identify store assignment for repository candidate interface com.bohdan.training.TestProjectForPractice.repository.OrderStatusRepository; If you want this repository to be a Redis repository, consider annotating your entities with one of these annotations: org.springframework.data.redis.core.RedisHash (preferred), or consider extending one of the following types with your repository: org.springframework.data.keyvalue.repository.KeyValueRepository
2026-06-10T18:25:02.312Z  INFO 19920 --- [TestProjectForPractice] [           main] .RepositoryConfigurationExtensionSupport : Spring Data Redis - Could not safely identify store assignment for repository candidate interface com.bohdan.training.TestProjectForPractice.repository.ProductRepository; If you want this repository to be a Redis repository, consider annotating your entities with one of these annotations: org.springframework.data.redis.core.RedisHash (preferred), or consider extending one of the following types with your repository: org.springframework.data.keyvalue.repository.KeyValueRepository
2026-06-10T18:25:02.312Z  INFO 19920 --- [TestProjectForPractice] [           main] .RepositoryConfigurationExtensionSupport : Spring Data Redis - Could not safely identify store assignment for repository candidate interface com.bohdan.training.TestProjectForPractice.repository.ProductStatusRepository; If you want this repository to be a Redis repository, consider annotating your entities with one of these annotations: org.springframework.data.redis.core.RedisHash (preferred), or consider extending one of the following types with your repository: org.springframework.data.keyvalue.repository.KeyValueRepository
2026-06-10T18:25:02.312Z  INFO 19920 --- [TestProjectForPractice] [           main] .s.d.r.c.RepositoryConfigurationDelegate : Finished Spring Data repository scanning in 19 ms. Found 0 Redis repository interfaces.
2026-06-10T18:25:03.250Z  INFO 19920 --- [TestProjectForPractice] [           main] org.hibernate.orm.jpa                    : HHH008540: Processing PersistenceUnitInfo [name: default]
2026-06-10T18:25:03.377Z  INFO 19920 --- [TestProjectForPractice] [           main] org.hibernate.orm.core                   : HHH000001: Hibernate ORM core version 7.2.12.Final
2026-06-10T18:25:04.341Z  INFO 19920 --- [TestProjectForPractice] [           main] o.s.o.j.p.SpringPersistenceUnitInfo      : No LoadTimeWeaver setup: ignoring JPA class transformer
2026-06-10T18:25:04.403Z  INFO 19920 --- [TestProjectForPractice] [           main] com.zaxxer.hikari.HikariDataSource       : HikariPool-1 - Starting...
2026-06-10T18:25:04.777Z  INFO 19920 --- [TestProjectForPractice] [           main] com.zaxxer.hikari.pool.HikariPool        : HikariPool-1 - Added connection org.postgresql.jdbc.PgConnection@220f6a3c
2026-06-10T18:25:04.779Z  INFO 19920 --- [TestProjectForPractice] [           main] com.zaxxer.hikari.HikariDataSource       : HikariPool-1 - Start completed.
2026-06-10T18:25:04.894Z  INFO 19920 --- [TestProjectForPractice] [           main] org.hibernate.orm.connections.pooling    : HHH10001005: Database info:
	Database JDBC URL [jdbc:postgresql://localhost:5435/SmartZone?currentSchema=jdbo]
	Database driver: PostgreSQL JDBC Driver
	Database dialect: PostgreSQLDialect
	Database version: 16.14
	Default catalog/schema: SmartZone/jdbo
	Autocommit mode: undefined/unknown
	Isolation level: READ_COMMITTED [default READ_COMMITTED]
	JDBC fetch size: none
	Pool: DataSourceConnectionProvider
	Minimum pool size: undefined/unknown
	Maximum pool size: undefined/unknown
2026-06-10T18:25:06.672Z  INFO 19920 --- [TestProjectForPractice] [           main] org.hibernate.orm.core                   : HHH000489: No JTA platform available (set 'hibernate.transaction.jta.platform' to enable JTA platform integration)
2026-06-10T18:25:06.818Z  INFO 19920 --- [TestProjectForPractice] [           main] j.LocalContainerEntityManagerFactoryBean : Initialized JPA EntityManagerFactory for persistence unit 'default'
2026-06-10T18:25:06.995Z  INFO 19920 --- [TestProjectForPractice] [           main] o.s.d.j.r.query.QueryEnhancerFactories   : Hibernate is in classpath; If applicable, HQL parser will be used.
2026-06-10T18:25:09.978Z  WARN 19920 --- [TestProjectForPractice] [           main] JpaBaseConfiguration$JpaWebConfiguration : spring.jpa.open-in-view is enabled by default. Therefore, database queries may be performed during view rendering. Explicitly configure spring.jpa.open-in-view to disable this warning
2026-06-10T18:25:11.034Z  INFO 19920 --- [TestProjectForPractice] [           main] o.s.b.t.m.w.SpringBootMockServletContext : Initializing Spring TestDispatcherServlet ''
2026-06-10T18:25:11.035Z  INFO 19920 --- [TestProjectForPractice] [           main] o.s.t.web.servlet.TestDispatcherServlet  : Initializing Servlet ''
2026-06-10T18:25:11.038Z  INFO 19920 --- [TestProjectForPractice] [           main] o.s.t.web.servlet.TestDispatcherServlet  : Completed initialization in 2 ms
2026-06-10T18:25:11.086Z  INFO 19920 --- [TestProjectForPractice] [           main] c.b.t.T.BrandControllerIntegrationTest   : Started BrandControllerIntegrationTest in 11.266 seconds (process running for 13.417)
2026-06-10T18:25:11.418Z DEBUG 19920 --- [TestProjectForPractice] [           main] org.hibernate.SQL                        : 
    insert 
    into
        jdbo.brands
        (name) 
    values
        (?)
Hibernate: 
    insert 
    into
        jdbo.brands
        (name) 
    values
        (?)
]]></system-out>
  </testcase>
  <testcase name="createBrand_shouldSaveBrandAndReturnId" classname="com.bohdan.training.TestProjectForPractice.BrandControllerIntegrationTest" time="0.153">
    <system-out><![CDATA[2026-06-10T18:25:11.835Z DEBUG 19920 --- [TestProjectForPractice] [           main] org.hibernate.SQL                        : 
    insert 
    into
        jdbo.brands
        (name) 
    values
        (?)
Hibernate: 
    insert 
    into
        jdbo.brands
        (name) 
    values
        (?)
]]></system-out>
  </testcase>
</testsuite>